# !SESSION 2019-01-17 11:52:48.778
# version: 1.1
# verbose: true
# The following option strings are specified for this debug session:
# 	null
| Worker-45 | 2019-01-17 11:52:48.778 | com.iar.ide.common | /debug | com.iar.ide.common.logging.Logger | traceFile | 194 | SDK location does not exist: null |
# !SESSION 2019-01-17 13:35:20.500
# version: 1.1
# verbose: true
# The following option strings are specified for this debug session:
# 	null
| Worker-8 | 2019-01-17 13:35:20.500 | com.iar.ide.common | /debug | com.iar.ide.common.logging.Logger | traceFile | 194 | SDK location does not exist: null |
# !SESSION 2019-01-17 13:47:18.351
# version: 1.1
# verbose: true
# The following option strings are specified for this debug session:
# 	null
| Worker-6 | 2019-01-17 13:47:18.351 | com.iar.ide.common | /debug | com.iar.ide.common.logging.Logger | traceFile | 194 | SDK location does not exist: null |
# !SESSION 2019-01-19 10:38:46.111
# version: 1.1
# verbose: true
# The following option strings are specified for this debug session:
# 	null
| Worker-9 | 2019-01-19 10:38:46.111 | com.iar.ide.common | /debug | com.iar.ide.common.logging.Logger | traceFile | 194 | SDK location does not exist: null |
# !SESSION 2019-01-19 15:37:47.502
# version: 1.1
# verbose: true
# The following option strings are specified for this debug session:
# 	null
| Worker-8 | 2019-01-19 15:37:47.502 | com.iar.ide.common | /debug | com.iar.ide.common.logging.Logger | traceFile | 194 | SDK location does not exist: null |
# !SESSION 2019-01-22 13:10:41.905
# version: 1.1
# verbose: true
# The following option strings are specified for this debug session:
# 	null
| Worker-7 | 2019-01-22 13:10:41.905 | com.iar.ide.common | /debug | com.iar.ide.common.logging.Logger | traceFile | 194 | SDK location does not exist: null |
# !SESSION 2019-01-24 14:37:20.156
# version: 1.1
# verbose: true
# The following option strings are specified for this debug session:
# 	null
| Worker-8 | 2019-01-24 14:37:20.156 | com.iar.ide.common | /debug | com.iar.ide.common.logging.Logger | traceFile | 194 | SDK location does not exist: null |
# !SESSION 2019-01-25 16:09:19.241
# version: 1.1
# verbose: true
# The following option strings are specified for this debug session:
# 	null
| Worker-6 | 2019-01-25 16:09:19.241 | com.iar.ide.common | /debug | com.iar.ide.common.logging.Logger | traceFile | 194 | SDK location does not exist: null |
